  LiveShader.cpp
d:\χρήσιμα έγγραφα\liveshader\liveshader\liveshader\Camera.h(24): warning C4305: 'initializing': truncation from 'double' to 'float'
d:\χρήσιμα έγγραφα\liveshader\liveshader\liveshader\Camera.h(185): warning C4244: 'argument': conversion from 'double' to 'float', possible loss of data
d:\χρήσιμα έγγραφα\liveshader\liveshader\liveshader\Triangle.h(68): warning C4244: 'argument': conversion from 'double' to 'const float', possible loss of data
d:\χρήσιμα έγγραφα\liveshader\liveshader\liveshader\Triangle.h(106): warning C4804: '<': unsafe use of type 'bool' in operation
d:\χρήσιμα έγγραφα\liveshader\liveshader\liveshader\Models.h(321): warning C4305: 'initializing': truncation from 'double' to 'float'
d:\χρήσιμα έγγραφα\liveshader\liveshader\liveshader\Models.h(124): warning C4267: 'initializing': conversion from 'size_t' to 'int', possible loss of data
d:\χρήσιμα έγγραφα\liveshader\liveshader\liveshader\Models.h(158): warning C4267: 'initializing': conversion from 'size_t' to 'int', possible loss of data
d:\χρήσιμα έγγραφα\liveshader\liveshader\liveshader\Models.h(166): warning C4244: 'argument': conversion from 'int' to 'const float', possible loss of data
d:\χρήσιμα έγγραφα\liveshader\liveshader\liveshader\Models.h(183): warning C4267: 'initializing': conversion from 'size_t' to 'int', possible loss of data
d:\χρήσιμα έγγραφα\liveshader\liveshader\liveshader\Models.h(186): warning C4267: '=': conversion from 'size_t' to 'int', possible loss of data
d:\χρήσιμα έγγραφα\liveshader\liveshader\liveshader\Models.h(226): warning C4267: 'initializing': conversion from 'size_t' to 'int', possible loss of data
d:\χρήσιμα έγγραφα\liveshader\liveshader\liveshader\Models.h(229): warning C4267: '=': conversion from 'size_t' to 'int', possible loss of data
d:\χρήσιμα έγγραφα\liveshader\liveshader\liveshader\Models.h(244): warning C4267: 'initializing': conversion from 'size_t' to 'int', possible loss of data
d:\χρήσιμα έγγραφα\liveshader\liveshader\liveshader\Models.h(249): warning C4267: '=': conversion from 'size_t' to 'int', possible loss of data
d:\χρήσιμα έγγραφα\liveshader\liveshader\liveshader\Models.h(254): warning C4267: '=': conversion from 'size_t' to 'int', possible loss of data
d:\χρήσιμα έγγραφα\liveshader\liveshader\liveshader\Models.h(259): warning C4267: '=': conversion from 'size_t' to 'int', possible loss of data
d:\χρήσιμα έγγραφα\liveshader\liveshader\liveshader\Models.h(309): warning C4267: 'initializing': conversion from 'size_t' to 'int', possible loss of data
d:\χρήσιμα έγγραφα\liveshader\liveshader\liveshader\Models.h(326): warning C4267: 'initializing': conversion from 'size_t' to 'int', possible loss of data
d:\χρήσιμα έγγραφα\liveshader\liveshader\liveshader\Models.h(391): warning C4305: 'initializing': truncation from 'double' to 'float'
d:\χρήσιμα έγγραφα\liveshader\liveshader\liveshader\Models.h(393): warning C4267: 'initializing': conversion from 'size_t' to 'int', possible loss of data
d:\χρήσιμα έγγραφα\liveshader\liveshader\liveshader\Models.h(394): warning C4267: 'initializing': conversion from 'size_t' to 'int', possible loss of data
d:\χρήσιμα έγγραφα\liveshader\liveshader\liveshader\Models.h(422): warning C4267: 'initializing': conversion from 'size_t' to 'int', possible loss of data
d:\χρήσιμα έγγραφα\liveshader\liveshader\liveshader\Models.h(460): warning C4267: 'initializing': conversion from 'size_t' to 'int', possible loss of data
d:\χρήσιμα έγγραφα\liveshader\liveshader\liveshader\Models.h(513): warning C4267: 'initializing': conversion from 'size_t' to 'int', possible loss of data
d:\χρήσιμα έγγραφα\liveshader\liveshader\liveshader\Models.h(549): warning C4267: 'initializing': conversion from 'size_t' to 'int', possible loss of data
d:\χρήσιμα έγγραφα\liveshader\liveshader\liveshader\Models.h(576): warning C4267: 'initializing': conversion from 'size_t' to 'int', possible loss of data
d:\χρήσιμα έγγραφα\liveshader\liveshader\liveshader\Models.h(604): warning C4267: 'initializing': conversion from 'size_t' to 'int', possible loss of data
d:\χρήσιμα έγγραφα\liveshader\liveshader\liveshader\Models.h(635): warning C4267: 'initializing': conversion from 'size_t' to 'int', possible loss of data
d:\χρήσιμα έγγραφα\liveshader\liveshader\liveshader\Models.h(654): warning C4267: 'initializing': conversion from 'size_t' to 'int', possible loss of data
d:\χρήσιμα έγγραφα\liveshader\liveshader\liveshader\Models.h(655): warning C4267: 'initializing': conversion from 'size_t' to 'int', possible loss of data
d:\χρήσιμα έγγραφα\liveshader\liveshader\liveshader\Models.h(693): warning C4267: 'initializing': conversion from 'size_t' to 'int', possible loss of data
d:\χρήσιμα έγγραφα\liveshader\liveshader\liveshader\Models.h(718): warning C4267: 'initializing': conversion from 'size_t' to 'int', possible loss of data
d:\χρήσιμα έγγραφα\liveshader\liveshader\liveshader\Models.h(724): warning C4267: 'initializing': conversion from 'size_t' to 'int', possible loss of data
d:\χρήσιμα έγγραφα\liveshader\liveshader\liveshader\Models.h(761): warning C4267: 'initializing': conversion from 'size_t' to 'int', possible loss of data
d:\χρήσιμα έγγραφα\liveshader\liveshader\liveshader\Models.h(787): warning C4267: 'initializing': conversion from 'size_t' to 'int', possible loss of data
d:\χρήσιμα έγγραφα\liveshader\liveshader\liveshader\Models.h(807): warning C4305: 'initializing': truncation from 'double' to 'float'
d:\χρήσιμα έγγραφα\liveshader\liveshader\liveshader\Models.h(808): warning C4267: 'initializing': conversion from 'size_t' to 'int', possible loss of data
d:\χρήσιμα έγγραφα\liveshader\liveshader\liveshader\Models.h(828): warning C4267: '=': conversion from 'size_t' to 'int', possible loss of data
d:\χρήσιμα έγγραφα\liveshader\liveshader\liveshader\Models.h(858): warning C4244: 'initializing': conversion from 'double' to 'float', possible loss of data
d:\χρήσιμα έγγραφα\liveshader\liveshader\liveshader\Models.h(859): warning C4244: 'initializing': conversion from 'double' to 'float', possible loss of data
d:\χρήσιμα έγγραφα\liveshader\liveshader\liveshader\Models.h(875): warning C4244: 'initializing': conversion from 'double' to 'float', possible loss of data
d:\χρήσιμα έγγραφα\liveshader\liveshader\liveshader\Models.h(876): warning C4244: 'initializing': conversion from 'double' to 'float', possible loss of data
d:\χρήσιμα έγγραφα\liveshader\liveshader\liveshader\Models.h(893): warning C4244: 'initializing': conversion from 'double' to 'float', possible loss of data
d:\χρήσιμα έγγραφα\liveshader\liveshader\liveshader\Models.h(894): warning C4244: 'initializing': conversion from 'double' to 'float', possible loss of data
d:\χρήσιμα έγγραφα\liveshader\liveshader\liveshader\Models.h(916): warning C4267: '=': conversion from 'size_t' to 'int', possible loss of data
d:\χρήσιμα έγγραφα\liveshader\liveshader\liveshader\Models.h(949): warning C4267: 'initializing': conversion from 'size_t' to 'int', possible loss of data
d:\χρήσιμα έγγραφα\liveshader\liveshader\liveshader\Text.h(90): warning C4267: 'initializing': conversion from 'size_t' to 'int', possible loss of data
d:\χρήσιμα έγγραφα\liveshader\liveshader\liveshader\Text.h(93): warning C4267: 'initializing': conversion from 'size_t' to 'int', possible loss of data
d:\χρήσιμα έγγραφα\liveshader\liveshader\liveshader\Text.h(101): warning C4244: '=': conversion from 'unsigned __int64' to 'float', possible loss of data
d:\χρήσιμα έγγραφα\liveshader\liveshader\liveshader\Text.h(102): warning C4244: 'argument': conversion from 'float' to 'unsigned __int64', possible loss of data
d:\χρήσιμα έγγραφα\liveshader\liveshader\liveshader\Text.h(102): warning C4244: '=': conversion from 'unsigned __int64' to 'float', possible loss of data
d:\χρήσιμα έγγραφα\liveshader\liveshader\liveshader\Text.h(104): warning C4244: '=': conversion from 'double' to 'float', possible loss of data
d:\χρήσιμα έγγραφα\liveshader\liveshader\liveshader\Text.h(109): warning C4244: '=': conversion from 'int' to 'float', possible loss of data
d:\χρήσιμα έγγραφα\liveshader\liveshader\liveshader\Text.h(112): warning C4244: 'argument': conversion from 'float' to 'unsigned __int64', possible loss of data
d:\χρήσιμα έγγραφα\liveshader\liveshader\liveshader\Text.h(126): warning C4244: '+=': conversion from 'double' to 'float', possible loss of data
d:\χρήσιμα έγγραφα\liveshader\liveshader\liveshader\Text.h(128): warning C4244: '+=': conversion from 'double' to 'float', possible loss of data
d:\χρήσιμα έγγραφα\liveshader\liveshader\liveshader\Text.h(171): warning C4838: conversion from 'FT_Pos' to 'GLuint' requires a narrowing conversion
d:\χρήσιμα έγγραφα\liveshader\liveshader\liveshader\Text.h(207): warning C4267: 'initializing': conversion from 'size_t' to 'int', possible loss of data
d:\χρήσιμα έγγραφα\liveshader\liveshader\liveshader\Text.h(215): warning C4244: 'argument': conversion from 'double' to 'GLfloat', possible loss of data
d:\χρήσιμα έγγραφα\liveshader\liveshader\liveshader\Text.h(215): warning C4244: 'argument': conversion from 'int' to 'GLfloat', possible loss of data
d:\χρήσιμα έγγραφα\liveshader\liveshader\liveshader\Text.h(215): warning C4244: 'argument': conversion from 'float' to 'int', possible loss of data
d:\χρήσιμα έγγραφα\liveshader\liveshader\liveshader\Text.h(226): warning C4244: 'argument': conversion from 'double' to 'GLfloat', possible loss of data
d:\χρήσιμα έγγραφα\liveshader\liveshader\liveshader\Text.h(226): warning C4244: 'argument': conversion from 'float' to 'int', possible loss of data
d:\χρήσιμα έγγραφα\liveshader\liveshader\liveshader\Text.h(304): warning C4267: 'initializing': conversion from 'size_t' to 'int', possible loss of data
d:\χρήσιμα έγγραφα\liveshader\liveshader\liveshader\Text.h(415): warning C4244: 'return': conversion from 'double' to 'float', possible loss of data
d:\χρήσιμα έγγραφα\liveshader\liveshader\liveshader\Text.h(422): warning C4244: 'initializing': conversion from 'int' to 'float', possible loss of data
d:\χρήσιμα έγγραφα\liveshader\liveshader\liveshader\Text.h(423): warning C4267: 'initializing': conversion from 'size_t' to 'int', possible loss of data
d:\χρήσιμα έγγραφα\liveshader\liveshader\liveshader\Text.h(435): warning C4244: 'return': conversion from 'double' to 'float', possible loss of data
d:\χρήσιμα έγγραφα\liveshader\liveshader\liveshader\Text.h(440): warning C4244: 'argument': conversion from 'float' to 'unsigned __int64', possible loss of data
d:\χρήσιμα έγγραφα\liveshader\liveshader\liveshader\Text.h(445): warning C4267: 'initializing': conversion from 'size_t' to 'int', possible loss of data
d:\χρήσιμα έγγραφα\liveshader\liveshader\liveshader\Text.h(446): warning C4244: 'initializing': conversion from 'float' to 'int', possible loss of data
d:\χρήσιμα έγγραφα\liveshader\liveshader\liveshader\Text.h(458): warning C4244: 'argument': conversion from 'float' to 'unsigned __int64', possible loss of data
d:\χρήσιμα έγγραφα\liveshader\liveshader\liveshader\Text.h(477): warning C4244: 'argument': conversion from 'float' to 'unsigned __int64', possible loss of data
d:\χρήσιμα έγγραφα\liveshader\liveshader\liveshader\Text.h(478): warning C4244: 'initializing': conversion from 'float' to 'int', possible loss of data
d:\χρήσιμα έγγραφα\liveshader\liveshader\liveshader\Text.h(479): warning C4244: 'argument': conversion from 'float' to 'unsigned __int64', possible loss of data
d:\χρήσιμα έγγραφα\liveshader\liveshader\liveshader\Text.h(495): warning C4244: 'initializing': conversion from 'float' to 'int', possible loss of data
d:\χρήσιμα έγγραφα\liveshader\liveshader\liveshader\Text.h(498): warning C4244: 'initializing': conversion from 'float' to 'int', possible loss of data
d:\χρήσιμα έγγραφα\liveshader\liveshader\liveshader\Text.h(499): warning C4244: 'argument': conversion from 'float' to 'unsigned __int64', possible loss of data
d:\χρήσιμα έγγραφα\liveshader\liveshader\liveshader\Text.h(503): warning C4244: 'initializing': conversion from 'float' to 'int', possible loss of data
d:\χρήσιμα έγγραφα\liveshader\liveshader\liveshader\Text.h(504): warning C4244: 'argument': conversion from 'float' to 'unsigned __int64', possible loss of data
d:\χρήσιμα έγγραφα\liveshader\liveshader\liveshader\Text.h(511): warning C4267: 'initializing': conversion from 'size_t' to 'int', possible loss of data
d:\χρήσιμα έγγραφα\liveshader\liveshader\liveshader\Text.h(513): warning C4267: 'initializing': conversion from 'size_t' to 'int', possible loss of data
d:\χρήσιμα έγγραφα\liveshader\liveshader\liveshader\Text.h(557): warning C4244: 'initializing': conversion from 'float' to 'int', possible loss of data
d:\χρήσιμα έγγραφα\liveshader\liveshader\liveshader\Text.h(558): warning C4244: 'initializing': conversion from 'float' to 'int', possible loss of data
d:\χρήσιμα έγγραφα\liveshader\liveshader\liveshader\Text.h(560): warning C4267: 'initializing': conversion from 'size_t' to 'int', possible loss of data
d:\χρήσιμα έγγραφα\liveshader\liveshader\liveshader\Text.h(573): warning C4244: 'argument': conversion from 'float' to 'unsigned __int64', possible loss of data
d:\χρήσιμα έγγραφα\liveshader\liveshader\liveshader\Text.h(575): warning C4244: 'argument': conversion from 'float' to 'unsigned __int64', possible loss of data
d:\χρήσιμα έγγραφα\liveshader\liveshader\liveshader\Text.h(575): warning C4244: 'argument': conversion from 'float' to '__int64', possible loss of data
d:\χρήσιμα έγγραφα\liveshader\liveshader\liveshader\Text.h(585): warning C4267: 'initializing': conversion from 'size_t' to 'int', possible loss of data
d:\χρήσιμα έγγραφα\liveshader\liveshader\liveshader\Text.h(589): warning C4244: 'argument': conversion from 'float' to '__int64', possible loss of data
d:\χρήσιμα έγγραφα\liveshader\liveshader\liveshader\Text.h(601): warning C4244: 'initializing': conversion from 'float' to 'int', possible loss of data
d:\χρήσιμα έγγραφα\liveshader\liveshader\liveshader\Text.h(602): warning C4244: 'initializing': conversion from 'float' to 'int', possible loss of data
d:\χρήσιμα έγγραφα\liveshader\liveshader\liveshader\Text.h(610): warning C4244: 'argument': conversion from 'float' to 'unsigned __int64', possible loss of data
d:\χρήσιμα έγγραφα\liveshader\liveshader\liveshader\Text.h(616): warning C4244: 'argument': conversion from 'float' to 'unsigned __int64', possible loss of data
d:\χρήσιμα έγγραφα\liveshader\liveshader\liveshader\Text.h(621): warning C4244: 'argument': conversion from 'float' to 'unsigned __int64', possible loss of data
d:\χρήσιμα έγγραφα\liveshader\liveshader\liveshader\Text.h(626): warning C4244: 'argument': conversion from 'float' to 'unsigned __int64', possible loss of data
d:\χρήσιμα έγγραφα\liveshader\liveshader\liveshader\Text.h(630): warning C4244: 'argument': conversion from 'float' to 'unsigned __int64', possible loss of data
d:\χρήσιμα έγγραφα\liveshader\liveshader\liveshader\Text.h(633): warning C4244: 'argument': conversion from 'float' to 'unsigned __int64', possible loss of data
d:\χρήσιμα έγγραφα\liveshader\liveshader\liveshader\Text.h(640): warning C4244: 'initializing': conversion from 'float' to 'int', possible loss of data
d:\χρήσιμα έγγραφα\liveshader\liveshader\liveshader\Text.h(641): warning C4244: 'initializing': conversion from 'float' to 'int', possible loss of data
d:\χρήσιμα έγγραφα\liveshader\liveshader\liveshader\Text.h(647): warning C4244: 'argument': conversion from 'float' to 'unsigned __int64', possible loss of data
d:\χρήσιμα έγγραφα\liveshader\liveshader\liveshader\Text.h(653): warning C4244: 'argument': conversion from 'float' to 'unsigned __int64', possible loss of data
d:\χρήσιμα έγγραφα\liveshader\liveshader\liveshader\Text.h(658): warning C4244: 'argument': conversion from 'float' to 'unsigned __int64', possible loss of data
d:\χρήσιμα έγγραφα\liveshader\liveshader\liveshader\Text.h(663): warning C4244: 'argument': conversion from 'float' to 'unsigned __int64', possible loss of data
d:\χρήσιμα έγγραφα\liveshader\liveshader\liveshader\Text.h(667): warning C4244: 'argument': conversion from 'float' to 'unsigned __int64', possible loss of data
d:\χρήσιμα έγγραφα\liveshader\liveshader\liveshader\Text.h(674): warning C4244: 'argument': conversion from 'float' to 'unsigned __int64', possible loss of data
d:\χρήσιμα έγγραφα\liveshader\liveshader\liveshader\Text.h(676): warning C4244: 'argument': conversion from 'float' to 'unsigned __int64', possible loss of data
d:\χρήσιμα έγγραφα\liveshader\liveshader\liveshader\Text.h(678): warning C4244: 'argument': conversion from 'float' to 'unsigned __int64', possible loss of data
d:\χρήσιμα έγγραφα\liveshader\liveshader\liveshader\Text.h(680): warning C4244: 'argument': conversion from 'float' to 'unsigned __int64', possible loss of data
d:\χρήσιμα έγγραφα\liveshader\liveshader\liveshader\Text.h(685): warning C4244: 'argument': conversion from 'float' to 'unsigned __int64', possible loss of data
d:\χρήσιμα έγγραφα\liveshader\liveshader\liveshader\Text.h(687): warning C4267: 'initializing': conversion from 'size_t' to 'int', possible loss of data
d:\χρήσιμα έγγραφα\liveshader\liveshader\liveshader\Text.h(688): warning C4244: 'initializing': conversion from 'float' to 'int', possible loss of data
d:\χρήσιμα έγγραφα\liveshader\liveshader\liveshader\Text.h(722): warning C4804: '>': unsafe use of type 'bool' in operation
d:\χρήσιμα έγγραφα\liveshader\liveshader\liveshader\Text.h(726): warning C4244: '-=': conversion from 'double' to 'float', possible loss of data
d:\χρήσιμα έγγραφα\liveshader\liveshader\liveshader\Text.h(732): warning C4244: '+=': conversion from 'double' to 'float', possible loss of data
d:\χρήσιμα έγγραφα\liveshader\liveshader\liveshader\Text.h(757): warning C4244: '=': conversion from 'int' to 'float', possible loss of data
d:\χρήσιμα έγγραφα\liveshader\liveshader\liveshader\Text.h(772): warning C4244: '=': conversion from 'double' to 'float', possible loss of data
d:\χρήσιμα έγγραφα\liveshader\liveshader\liveshader\Text.h(788): warning C4244: 'initializing': conversion from 'double' to 'float', possible loss of data
d:\χρήσιμα έγγραφα\liveshader\liveshader\liveshader\Text.h(792): warning C4244: '=': conversion from 'double' to 'float', possible loss of data
d:\χρήσιμα έγγραφα\liveshader\liveshader\liveshader\Text.h(793): warning C4244: '=': conversion from 'int' to 'float', possible loss of data
d:\χρήσιμα έγγραφα\liveshader\liveshader\liveshader\Text.h(802): warning C4244: '=': conversion from 'int' to 'float', possible loss of data
d:\χρήσιμα έγγραφα\liveshader\liveshader\liveshader\Text.h(803): warning C4244: 'argument': conversion from 'float' to 'unsigned __int64', possible loss of data
d:\χρήσιμα έγγραφα\liveshader\liveshader\liveshader\Text.h(820): warning C4244: '=': conversion from 'int' to 'float', possible loss of data
d:\χρήσιμα έγγραφα\liveshader\liveshader\liveshader\Text.h(857): warning C4244: '=': conversion from 'int' to 'float', possible loss of data
d:\χρήσιμα έγγραφα\liveshader\liveshader\liveshader\Text.h(863): warning C4244: '=': conversion from 'double' to 'float', possible loss of data
d:\χρήσιμα έγγραφα\liveshader\liveshader\liveshader\Text.h(879): warning C4244: 'initializing': conversion from 'double' to 'float', possible loss of data
d:\χρήσιμα έγγραφα\liveshader\liveshader\liveshader\Text.h(883): warning C4244: '=': conversion from 'double' to 'float', possible loss of data
d:\χρήσιμα έγγραφα\liveshader\liveshader\liveshader\Text.h(884): warning C4244: '=': conversion from 'int' to 'float', possible loss of data
d:\χρήσιμα έγγραφα\liveshader\liveshader\liveshader\Text.h(893): warning C4244: '=': conversion from 'int' to 'float', possible loss of data
d:\χρήσιμα έγγραφα\liveshader\liveshader\liveshader\Text.h(894): warning C4244: 'argument': conversion from 'float' to 'unsigned __int64', possible loss of data
d:\χρήσιμα έγγραφα\liveshader\liveshader\liveshader\Text.h(911): warning C4244: '=': conversion from 'int' to 'float', possible loss of data
d:\χρήσιμα έγγραφα\liveshader\liveshader\liveshader\Text.h(939): warning C4244: 'argument': conversion from 'float' to 'unsigned __int64', possible loss of data
d:\χρήσιμα έγγραφα\liveshader\liveshader\liveshader\Text.h(940): warning C4244: 'argument': conversion from 'float' to 'unsigned __int64', possible loss of data
d:\χρήσιμα έγγραφα\liveshader\liveshader\liveshader\Text.h(947): warning C4244: 'argument': conversion from 'float' to 'unsigned __int64', possible loss of data
d:\χρήσιμα έγγραφα\liveshader\liveshader\liveshader\Text.h(950): warning C4244: 'argument': conversion from 'float' to 'unsigned __int64', possible loss of data
d:\χρήσιμα έγγραφα\liveshader\liveshader\liveshader\Text.h(964): warning C4244: 'argument': conversion from 'float' to 'unsigned __int64', possible loss of data
d:\χρήσιμα έγγραφα\liveshader\liveshader\liveshader\Text.h(965): warning C4244: 'initializing': conversion from 'int' to 'float', possible loss of data
d:\χρήσιμα έγγραφα\liveshader\liveshader\liveshader\Text.h(975): warning C4244: 'argument': conversion from 'float' to 'unsigned __int64', possible loss of data
d:\χρήσιμα έγγραφα\liveshader\liveshader\liveshader\Text.h(977): warning C4244: 'initializing': conversion from 'int' to 'float', possible loss of data
d:\χρήσιμα έγγραφα\liveshader\liveshader\liveshader\Text.h(999): warning C4244: 'argument': conversion from 'float' to 'unsigned __int64', possible loss of data
d:\χρήσιμα έγγραφα\liveshader\liveshader\liveshader\Text.h(1003): warning C4244: 'initializing': conversion from 'float' to 'int', possible loss of data
d:\χρήσιμα έγγραφα\liveshader\liveshader\liveshader\Text.h(1016): warning C4244: 'argument': conversion from 'float' to 'unsigned __int64', possible loss of data
d:\χρήσιμα έγγραφα\liveshader\liveshader\liveshader\Text.h(1020): warning C4244: 'initializing': conversion from 'float' to 'int', possible loss of data
d:\χρήσιμα έγγραφα\liveshader\liveshader\liveshader\Text.h(1032): warning C4244: 'argument': conversion from 'float' to 'unsigned __int64', possible loss of data
d:\χρήσιμα έγγραφα\liveshader\liveshader\liveshader\Text.h(1033): warning C4244: 'argument': conversion from 'float' to 'unsigned __int64', possible loss of data
d:\χρήσιμα έγγραφα\liveshader\liveshader\liveshader\Text.h(1041): warning C4244: 'argument': conversion from 'float' to 'unsigned __int64', possible loss of data
d:\χρήσιμα έγγραφα\liveshader\liveshader\liveshader\Text.h(1043): warning C4244: 'argument': conversion from 'float' to 'unsigned __int64', possible loss of data
d:\χρήσιμα έγγραφα\liveshader\liveshader\liveshader\Text.h(1052): warning C4244: '-=': conversion from 'float' to 'int', possible loss of data
d:\χρήσιμα έγγραφα\liveshader\liveshader\liveshader\Text.h(1064): warning C4244: 'argument': conversion from 'float' to 'unsigned __int64', possible loss of data
d:\χρήσιμα έγγραφα\liveshader\liveshader\liveshader\Text.h(1067): warning C4244: 'argument': conversion from 'float' to 'unsigned __int64', possible loss of data
d:\χρήσιμα έγγραφα\liveshader\liveshader\liveshader\Text.h(1075): warning C4244: '+=': conversion from 'float' to 'int', possible loss of data
d:\χρήσιμα έγγραφα\liveshader\liveshader\liveshader\Text.h(1086): warning C4244: 'argument': conversion from 'float' to 'unsigned __int64', possible loss of data
d:\χρήσιμα έγγραφα\liveshader\liveshader\liveshader\Text.h(1098): warning C4244: '=': conversion from 'double' to 'float', possible loss of data
d:\χρήσιμα έγγραφα\liveshader\liveshader\liveshader\Text.h(1099): warning C4244: 'initializing': conversion from 'int' to 'float', possible loss of data
d:\χρήσιμα έγγραφα\liveshader\liveshader\liveshader\Text.h(1116): warning C4244: '=': conversion from 'int' to 'float', possible loss of data
d:\χρήσιμα έγγραφα\liveshader\liveshader\liveshader\Text.h(1125): warning C4244: '+=': conversion from 'double' to 'float', possible loss of data
d:\χρήσιμα έγγραφα\liveshader\liveshader\liveshader\Text.h(1133): warning C4244: 'argument': conversion from 'float' to 'unsigned __int64', possible loss of data
d:\χρήσιμα έγγραφα\liveshader\liveshader\liveshader\Text.h(1145): warning C4244: '=': conversion from 'double' to 'float', possible loss of data
d:\χρήσιμα έγγραφα\liveshader\liveshader\liveshader\Text.h(1146): warning C4244: 'initializing': conversion from 'int' to 'float', possible loss of data
d:\χρήσιμα έγγραφα\liveshader\liveshader\liveshader\Text.h(1163): warning C4244: '=': conversion from 'int' to 'float', possible loss of data
d:\χρήσιμα έγγραφα\liveshader\liveshader\liveshader\Text.h(1172): warning C4244: '+=': conversion from 'double' to 'float', possible loss of data
d:\χρήσιμα έγγραφα\liveshader\liveshader\liveshader\Text.h(1179): warning C4244: 'argument': conversion from 'float' to 'unsigned __int64', possible loss of data
d:\χρήσιμα έγγραφα\liveshader\liveshader\liveshader\Text.h(1190): warning C4244: 'argument': conversion from 'float' to 'unsigned __int64', possible loss of data
d:\χρήσιμα έγγραφα\liveshader\liveshader\liveshader\Text.h(1205): warning C4244: 'argument': conversion from 'float' to 'unsigned __int64', possible loss of data
d:\χρήσιμα έγγραφα\liveshader\liveshader\liveshader\Text.h(1211): warning C4267: 'initializing': conversion from 'size_t' to 'int', possible loss of data
d:\χρήσιμα έγγραφα\liveshader\liveshader\liveshader\Text.h(1212): warning C4244: 'initializing': conversion from 'float' to 'int', possible loss of data
d:\χρήσιμα έγγραφα\liveshader\liveshader\liveshader\Text.h(1218): warning C4244: '=': conversion from 'double' to 'float', possible loss of data
d:\χρήσιμα έγγραφα\liveshader\liveshader\liveshader\Text.h(1220): warning C4244: 'argument': conversion from 'float' to 'unsigned __int64', possible loss of data
d:\χρήσιμα έγγραφα\liveshader\liveshader\liveshader\Text.h(1223): warning C4244: '=': conversion from 'int' to 'float', possible loss of data
d:\χρήσιμα έγγραφα\liveshader\liveshader\liveshader\Text.h(1243): warning C4244: '+=': conversion from 'double' to 'float', possible loss of data
d:\χρήσιμα έγγραφα\liveshader\liveshader\liveshader\Text.h(1244): warning C4244: '=': conversion from 'int' to 'float', possible loss of data
d:\χρήσιμα έγγραφα\liveshader\liveshader\liveshader\Text.h(1246): warning C4244: 'argument': conversion from 'float' to 'unsigned __int64', possible loss of data
d:\χρήσιμα έγγραφα\liveshader\liveshader\liveshader\Text.h(1254): warning C4244: 'argument': conversion from 'float' to 'unsigned __int64', possible loss of data
d:\χρήσιμα έγγραφα\liveshader\liveshader\liveshader\Text.h(1255): warning C4244: 'argument': conversion from 'float' to 'unsigned __int64', possible loss of data
d:\χρήσιμα έγγραφα\liveshader\liveshader\liveshader\Text.h(1273): warning C4244: 'argument': conversion from 'float' to 'unsigned __int64', possible loss of data
d:\χρήσιμα έγγραφα\liveshader\liveshader\liveshader\Text.h(1275): warning C4244: 'argument': conversion from 'float' to 'unsigned __int64', possible loss of data
d:\χρήσιμα έγγραφα\liveshader\liveshader\liveshader\Text.h(1275): warning C4244: 'argument': conversion from 'float' to '__int64', possible loss of data
d:\χρήσιμα έγγραφα\liveshader\liveshader\liveshader\Text.h(1279): warning C4244: 'argument': conversion from 'float' to '__int64', possible loss of data
d:\χρήσιμα έγγραφα\liveshader\liveshader\liveshader\Text.h(1284): warning C4244: '=': conversion from 'int' to 'float', possible loss of data
d:\χρήσιμα έγγραφα\liveshader\liveshader\liveshader\Text.h(1289): warning C4244: 'argument': conversion from 'float' to 'unsigned __int64', possible loss of data
d:\χρήσιμα έγγραφα\liveshader\liveshader\liveshader\Text.h(1294): warning C4244: 'argument': conversion from 'float' to 'unsigned __int64', possible loss of data
d:\χρήσιμα έγγραφα\liveshader\liveshader\liveshader\Text.h(1301): warning C4244: 'argument': conversion from 'float' to 'unsigned __int64', possible loss of data
d:\χρήσιμα έγγραφα\liveshader\liveshader\liveshader\Text.h(1303): warning C4244: '=': conversion from 'double' to 'float', possible loss of data
d:\χρήσιμα έγγραφα\liveshader\liveshader\liveshader\Text.h(1304): warning C4244: '+=': conversion from 'double' to 'float', possible loss of data
d:\χρήσιμα έγγραφα\liveshader\liveshader\liveshader\Text.h(1314): warning C4244: 'argument': conversion from 'float' to 'unsigned __int64', possible loss of data
d:\χρήσιμα έγγραφα\liveshader\liveshader\liveshader\Text.h(1333): warning C4244: '=': conversion from 'int' to 'float', possible loss of data
d:\χρήσιμα έγγραφα\liveshader\liveshader\liveshader\Text.h(1345): warning C4267: 'initializing': conversion from 'size_t' to 'int', possible loss of data
d:\χρήσιμα έγγραφα\liveshader\liveshader\liveshader\Graphics.h(228): warning C4244: 'initializing': conversion from 'double' to 'int', possible loss of data
d:\χρήσιμα έγγραφα\liveshader\liveshader\liveshader\Graphics.h(251): warning C4244: 'initializing': conversion from 'double' to 'int', possible loss of data
d:\χρήσιμα έγγραφα\liveshader\liveshader\liveshader\Graphics.h(255): warning C4244: 'argument': conversion from 'int' to 'float', possible loss of data
d:\χρήσιμα έγγραφα\liveshader\liveshader\liveshader\Graphics.h(295): warning C4244: 'initializing': conversion from 'double' to 'float', possible loss of data
d:\χρήσιμα έγγραφα\liveshader\liveshader\liveshader\Graphics.h(316): warning C4305: '+=': truncation from 'double' to 'float'
d:\χρήσιμα έγγραφα\liveshader\liveshader\liveshader\Graphics.h(347): warning C4244: 'argument': conversion from 'const int' to 'float', possible loss of data
d:\χρήσιμα έγγραφα\liveshader\liveshader\liveshader\Graphics.h(348): warning C4244: 'argument': conversion from 'const int' to 'float', possible loss of data
d:\χρήσιμα έγγραφα\liveshader\liveshader\liveshader\Graphics.h(351): warning C4244: 'argument': conversion from 'double' to 'float', possible loss of data
d:\χρήσιμα έγγραφα\liveshader\liveshader\liveshader\Graphics.h(378): warning C4244: 'argument': conversion from 'const int' to 'float', possible loss of data
d:\χρήσιμα έγγραφα\liveshader\liveshader\liveshader\Graphics.h(417): warning C4267: 'argument': conversion from 'size_t' to 'int', possible loss of data
d:\χρήσιμα έγγραφα\liveshader\liveshader\liveshader\Graphics.h(530): warning C4244: '=': conversion from 'double' to 'float', possible loss of data
d:\χρήσιμα έγγραφα\liveshader\liveshader\liveshader\Graphics.h(531): warning C4244: '=': conversion from 'double' to 'float', possible loss of data
d:\χρήσιμα έγγραφα\liveshader\liveshader\liveshader\Graphics.h(579): warning C4244: '=': conversion from 'double' to 'float', possible loss of data
d:\χρήσιμα έγγραφα\liveshader\liveshader\liveshader\Graphics.h(580): warning C4244: '=': conversion from 'double' to 'float', possible loss of data
d:\χρήσιμα έγγραφα\liveshader\liveshader\liveshader\Graphics.h(584): warning C4244: 'initializing': conversion from 'double' to 'float', possible loss of data
d:\χρήσιμα έγγραφα\liveshader\liveshader\liveshader\Graphics.h(585): warning C4244: 'initializing': conversion from 'double' to 'float', possible loss of data
d:\χρήσιμα έγγραφα\liveshader\liveshader\liveshader\Graphics.h(587): warning C4244: '=': conversion from 'double' to 'float', possible loss of data
d:\χρήσιμα έγγραφα\liveshader\liveshader\liveshader\Graphics.h(588): warning C4244: '=': conversion from 'double' to 'float', possible loss of data
d:\χρήσιμα έγγραφα\liveshader\liveshader\liveshader\Graphics.h(606): warning C4244: '=': conversion from 'double' to 'float', possible loss of data
d:\χρήσιμα έγγραφα\liveshader\liveshader\liveshader\Graphics.h(611): warning C4244: '=': conversion from 'double' to 'float', possible loss of data
d:\χρήσιμα έγγραφα\liveshader\liveshader\liveshader\Graphics.h(615): warning C4244: '=': conversion from 'double' to 'float', possible loss of data
d:\χρήσιμα έγγραφα\liveshader\liveshader\liveshader\Graphics.h(620): warning C4244: '=': conversion from 'double' to 'float', possible loss of data
d:\χρήσιμα έγγραφα\liveshader\liveshader\liveshader\Graphics.h(650): warning C4244: 'argument': conversion from 'double' to 'float', possible loss of data
d:\χρήσιμα έγγραφα\liveshader\liveshader\liveshader\Graphics.h(651): warning C4244: 'argument': conversion from 'double' to 'float', possible loss of data
d:\χρήσιμα έγγραφα\liveshader\liveshader\liveshader\Graphics.h(652): warning C4244: 'argument': conversion from 'double' to 'float', possible loss of data
d:\χρήσιμα έγγραφα\liveshader\liveshader\liveshader\Graphics.h(652): warning C4244: 'argument': conversion from 'float' to 'int', possible loss of data
d:\χρήσιμα έγγραφα\liveshader\liveshader\liveshader\Graphics.h(659): warning C4244: 'argument': conversion from 'double' to 'float', possible loss of data
d:\χρήσιμα έγγραφα\liveshader\liveshader\liveshader\Graphics.h(660): warning C4244: 'argument': conversion from 'double' to 'float', possible loss of data
d:\χρήσιμα έγγραφα\liveshader\liveshader\liveshader\Graphics.h(661): warning C4244: 'argument': conversion from 'double' to 'float', possible loss of data
d:\χρήσιμα έγγραφα\liveshader\liveshader\liveshader\Graphics.h(661): warning C4244: '=': conversion from 'int' to 'float', possible loss of data
d:\χρήσιμα έγγραφα\liveshader\liveshader\liveshader\Graphics.h(677): warning C4267: 'initializing': conversion from 'size_t' to 'int', possible loss of data
d:\χρήσιμα έγγραφα\liveshader\liveshader\liveshader\Graphics.h(679): warning C4244: '=': conversion from 'int' to 'float', possible loss of data
d:\χρήσιμα έγγραφα\liveshader\liveshader\liveshader\Graphics.h(680): warning C4244: '=': conversion from 'int' to 'float', possible loss of data
d:\χρήσιμα έγγραφα\liveshader\liveshader\liveshader\Graphics.h(696): warning C4244: 'initializing': conversion from 'float' to 'int', possible loss of data
d:\χρήσιμα έγγραφα\liveshader\liveshader\liveshader\Graphics.h(701): warning C4244: '=': conversion from 'float' to 'int', possible loss of data
d:\χρήσιμα έγγραφα\liveshader\liveshader\liveshader\Graphics.h(706): warning C4244: '=': conversion from 'float' to 'int', possible loss of data
d:\χρήσιμα έγγραφα\liveshader\liveshader\liveshader\Graphics.h(723): warning C4267: 'initializing': conversion from 'size_t' to 'int', possible loss of data
d:\χρήσιμα έγγραφα\liveshader\liveshader\liveshader\Graphics.h(725): warning C4244: '=': conversion from 'int' to 'float', possible loss of data
d:\χρήσιμα έγγραφα\liveshader\liveshader\liveshader\Graphics.h(726): warning C4244: '=': conversion from 'int' to 'float', possible loss of data
d:\χρήσιμα έγγραφα\liveshader\liveshader\liveshader\Graphics.h(742): warning C4244: 'initializing': conversion from 'float' to 'int', possible loss of data
d:\χρήσιμα έγγραφα\liveshader\liveshader\liveshader\Graphics.h(749): warning C4244: '=': conversion from 'float' to 'int', possible loss of data
d:\χρήσιμα έγγραφα\liveshader\liveshader\liveshader\Graphics.h(754): warning C4244: '=': conversion from 'float' to 'int', possible loss of data
d:\χρήσιμα έγγραφα\liveshader\liveshader\liveshader\Graphics.h(779): warning C4244: 'argument': conversion from 'double' to 'float', possible loss of data
  Generating code
  46 of 1550 functions ( 3.0%) were compiled, the rest were copied from previous compilation.
    0 functions were new in current compilation
    9 functions had inline decision re-evaluated but remain unchanged
  Finished generating code
  LiveShader.vcxproj -> D:\Χρήσιμα Έγγραφα\LiveShader\LiveShader\x64\Release\LiveShader.exe
  LiveShader.vcxproj -> D:\Χρήσιμα Έγγραφα\LiveShader\LiveShader\x64\Release\LiveShader.pdb (Full PDB)
